<?xml version="1.0" encoding="UTF-8"?>
<!-- Generated by org.testng.reporters.JUnitReportReporter -->
<testsuite hostname="RaviKantPal" failures="0" tests="3" name="com.day.testng.FirstTestCase" time="0.008" errors="0" timestamp="2022-03-10T22:09:53 IST" skipped="0">
  <testcase classname="com.day.testng.FirstTestCase" name="openURL" time="0.001"/>
  <testcase classname="com.day.testng.FirstTestCase" name="logout" time="0.001"/>
  <testcase classname="com.day.testng.FirstTestCase" name="login" time="0.006"/>
</testsuite> <!-- com.day.testng.FirstTestCase -->
